<?xml version="1.0" encoding="UTF-8"?>
<!-- Generated by org.testng.reporters.JUnitReportReporter -->
<testsuite name="testCases.RefrenceAndroid" tests="4" time="4.470" ignored="0" failures="0" timestamp="09 Aug 2019 07:13:36 GMT" skipped="0" hostname="MYSHEC380006D" errors="0">
  <testcase name="TC_3_BurgerMenu_FieldVerification" time="1.472" classname="testCases.RefrenceAndroid"/>
  <testcase name="TC_4_MailerButton_Msg_Verification" time="1.761" classname="testCases.RefrenceAndroid"/>
  <testcase name="TC_2_FieldVerification" time="0.810" classname="testCases.RefrenceAndroid"/>
  <testcase name="TC_1_NavigationCheck" time="0.427" classname="testCases.RefrenceAndroid"/>
</testsuite> <!-- testCases.RefrenceAndroid -->
