<?xml version="1.0" encoding="UTF-8"?>
<!-- Generated by org.testng.reporters.JUnitReportReporter -->
<testsuite name="maindriver.Baseclassnew" tests="1" time="7.570" ignored="2" failures="0" timestamp="28 Jun 2019 06:56:20 GMT" skipped="0" hostname="MYSHEC380006D" errors="0">
  <testcase name="testbase" time="7.570" classname="maindriver.Baseclassnew"/>
  <testcase name="beforeSuite" classname="maindriver.Baseclassnew">
    <skipped/>
  </testcase> <!-- beforeSuite -->
  <testcase name="endReport" classname="maindriver.Baseclassnew">
    <skipped/>
  </testcase> <!-- endReport -->
</testsuite> <!-- maindriver.Baseclassnew -->
