<?xml version="1.0" encoding="UTF-8"?>
<!-- Generated by org.testng.reporters.JUnitReportReporter -->
<testsuite hostname="MYSHEC380006D" name="maindriver.IOS" tests="1" failures="0" timestamp="22 Mar 2019 10:20:17 GMT" time="1.195" errors="0">
  <testcase name="ExitTrial" time="1.195" classname="maindriver.IOS"/>
</testsuite> <!-- maindriver.IOS -->
