<?xml version="1.0" encoding="UTF-8"?>
<!-- Generated by org.testng.reporters.JUnitReportReporter -->
<testsuite hostname="HYDPCM459231D" name="pageobjects.LoginClass" tests="1" failures="0" timestamp="15 Feb 2019 05:23:52 GMT" time="118.054" errors="0">
  <testcase name="Login" time="118.054" classname="pageobjects.LoginClass"/>
</testsuite> <!-- pageobjects.LoginClass -->
