<?xml version="1.0" encoding="UTF-8"?>
<!-- Generated by org.testng.reporters.JUnitReportReporter -->
<testsuite name="pageobjects.NightStay" tests="15" time="656.724" ignored="2" failures="0" timestamp="28 Jun 2019 06:56:21 GMT" skipped="0" hostname="MYSHEC380006D" errors="0">
  <testcase name="TC_12_PastDates_Enable_Verification" time="50.665" classname="pageobjects.NightStay"/>
  <testcase name="TC_5_MandatoryFieldViolation_Verification" time="27.577" classname="pageobjects.NightStay"/>
  <testcase name="TC_9_LessThenJL6_Error_Validation" time="68.398" classname="pageobjects.NightStay"/>
  <testcase name="TC_1_NavigationCheckSearch" time="53.704" classname="pageobjects.NightStay"/>
  <testcase name="TC_4_DateTimePicker_Verification" time="41.033" classname="pageobjects.NightStay"/>
  <testcase name="testbase" time="5.810" classname="pageobjects.NightStay"/>
  <testcase name="TC_13_FutureDates_Enable_Verification" time="25.421" classname="pageobjects.NightStay"/>
  <testcase name="TC_10_Successfull_Submission_Validation" time="54.599" classname="pageobjects.NightStay"/>
  <testcase name="TC_2_NavigationCheck_ServiceTab" time="46.963" classname="pageobjects.NightStay"/>
  <testcase name="TC_8_SelfApprovalLessThenJL6_Error_Validation" time="64.794" classname="pageobjects.NightStay"/>
  <testcase name="TC_14_NightStay_ApplyPastDate_Validation" time="61.814" classname="pageobjects.NightStay"/>
  <testcase name="TC_3_FiledsVerification" time="15.959" classname="pageobjects.NightStay"/>
  <testcase name="TC_7_InvalidApproverID_Error_Validation" time="48.280" classname="pageobjects.NightStay"/>
  <testcase name="TC_11_ExistingNightStay_ErrMsg_Validation" time="64.061" classname="pageobjects.NightStay"/>
  <testcase name="TC_6_MandatoryField_BlankSpace_Verification" time="27.646" classname="pageobjects.NightStay"/>
  <testcase name="beforeSuite" classname="maindriver.Baseclassnew">
    <skipped/>
  </testcase> <!-- beforeSuite -->
  <testcase name="endReport" classname="maindriver.Baseclassnew">
    <skipped/>
  </testcase> <!-- endReport -->
</testsuite> <!-- pageobjects.NightStay -->
