<?xml version="1.0" encoding="UTF-8"?>
<!-- Generated by org.testng.reporters.JUnitReportReporter -->
<testsuite hostname="MYSHEC380006D" name="pageobjects.AppLogin" tests="1" failures="0" timestamp="13 Mar 2019 05:33:50 GMT" time="39.901" errors="0">
  <testcase name="LoginApp" time="39.901" classname="pageobjects.AppLogin"/>
</testsuite> <!-- pageobjects.AppLogin -->
