<?xml version="1.0" encoding="UTF-8"?>
<!-- Generated by org.testng.reporters.JUnitReportReporter -->
<testsuite hostname="HYDPCM459231D" name="maindriver.ParallelExecution" tests="2" failures="0" timestamp="19 Feb 2019 10:22:33 GMT" time="48.263" errors="0">
  <testcase name="f" time="22.153" classname="maindriver.ParallelExecution"/>
  <testcase name="f" time="26.110" classname="maindriver.ParallelExecution"/>
</testsuite> <!-- maindriver.ParallelExecution -->
