<?xml version="1.0" encoding="UTF-8"?>
<!-- Generated by org.testng.reporters.JUnitReportReporter -->
<testsuite name="com.experitest.auto.IOSDemoTest" tests="1" time="10.349" ignored="0" failures="0" timestamp="25 Mar 2019 05:21:54 GMT" skipped="0" hostname="MYSHEC380006D" errors="0">
  <testcase name="testUntitled" time="10.349" classname="com.experitest.auto.IOSDemoTest"/>
</testsuite> <!-- com.experitest.auto.IOSDemoTest -->
