<?xml version="1.0" encoding="UTF-8"?>
<!-- Generated by org.testng.reporters.JUnitReportReporter -->
<testsuite hostname="MYSHEC380006D" name="pageobjects.LeaveApp" tests="1" failures="0" timestamp="13 Mar 2019 05:33:50 GMT" time="91.594" errors="0">
  <testcase name="LeaveApplication" time="91.594" classname="pageobjects.LeaveApp"/>
</testsuite> <!-- pageobjects.LeaveApp -->
